Using pre-set license
Built from '2020.3/release' branch; Version is '2020.3.7f1 (dd97f2c94397) revision 14522354'; Using compiler version '192528614'; Build Type 'Release'
OS: 'Windows 10 Education; OS build 19042.985; Version 2009; 64bit' Language: 'pl' Physical Memory: 8118 MB
BatchMode: 1, IsHumanControllingUs: 0, StartBugReporterOnCrash: 0, Is64bit: 1, IsPro: 0

 COMMAND LINE ARGUMENTS:
E:\Programy\Unity\2020.3.7f1\Editor\Unity.exe
-adb2
-batchMode
-noUpm
-name
AssetImportWorker0
-projectPath
F:/Projekt
-logFile
Logs/AssetImportWorker0.log
-srvPort
60411
Successfully changed project path to: F:/Projekt
F:/Projekt
Using Asset Import Pipeline V2.
Refreshing native plugins compatible for Editor in 22.02 ms, found 0 plugins.
Preloading 0 native plugins for Editor in 0.00 ms.
Initialize engine version: 2020.3.7f1 (dd97f2c94397)
[Subsystems] Discovering subsystems at path E:/Programy/Unity/2020.3.7f1/Editor/Data/Resources/UnitySubsystems
[Subsystems] Discovering subsystems at path F:/Projekt/Assets
GfxDevice: creating device client; threaded=0
Direct3D:
    Version:  Direct3D 11.0 [level 11.1]
    Renderer: NVIDIA GeForce RTX 2060 (ID=0x1e89)
    Vendor:   
    VRAM:     5967 MB
    Driver:   27.21.14.6647
Initialize mono
Mono path[0] = 'E:/Programy/Unity/2020.3.7f1/Editor/Data/Managed'
Mono path[1] = 'E:/Programy/Unity/2020.3.7f1/Editor/Data/MonoBleedingEdge/lib/mono/unityjit'
Mono config path = 'E:/Programy/Unity/2020.3.7f1/Editor/Data/MonoBleedingEdge/etc'
Using monoOptions --debugger-agent=transport=dt_socket,embedding=1,server=y,suspend=n,address=127.0.0.1:56296
Begin MonoManager ReloadAssembly
Registering precompiled unity dll's ...
Register platform support module: E:/Programy/Unity/2020.3.7f1/Editor/Data/PlaybackEngines/WindowsStandaloneSupport/UnityEditor.WindowsStandalone.Extensions.dll
Registered in 0.001149 seconds.
Native extension for WindowsStandalone target not found
Refreshing native plugins compatible for Editor in 22.44 ms, found 0 plugins.
Preloading 0 native plugins for Editor in 0.00 ms.
Mono: successfully reloaded assembly
- Completed reload, in  1.176 seconds
Platform modules already initialized, skipping
Registering precompiled user dll's ...
Registered in 0.000706 seconds.
Begin MonoManager ReloadAssembly
Native extension for WindowsStandalone target not found
Refreshing native plugins compatible for Editor in 0.23 ms, found 0 plugins.
Preloading 0 native plugins for Editor in 0.00 ms.
Mono: successfully reloaded assembly
- Completed reload, in  0.911 seconds
Platform modules already initialized, skipping
========================================================================
Worker process is ready to serve import requests
Launched and connected shader compiler UnityShaderCompiler.exe after 0.05 seconds
Refreshing native plugins compatible for Editor in 0.25 ms, found 0 plugins.
Preloading 0 native plugins for Editor in 0.00 ms.
Unloading 1124 Unused Serialized files (Serialized files now loaded: 0)
System memory in use before: 57.2 MB.
System memory in use after: 57.3 MB.

Unloading 9 unused Assets to reduce memory usage. Loaded Objects now: 1567.
Total: 2.173500 ms (FindLiveObjects: 0.239000 ms CreateObjectMapping: 0.136000 ms MarkObjects: 1.737800 ms  DeleteObjects: 0.059700 ms)

========================================================================
Received Import Request.
  path: Assets/Scenes
  artifactKey: Guid(b54b60fe7044bcc47905bbcb2c2b9103) Importer(815301076,1909f56bfc062723c751e8b465ee728b)
Start importing Assets/Scenes using Guid(b54b60fe7044bcc47905bbcb2c2b9103) Importer(815301076,1909f56bfc062723c751e8b465ee728b)  -> (artifact id: '15a2710fad780b4b631c3537d6966966') in 0.008466 seconds
  Import took 0.010421 seconds .

========================================================================
Received Import Request.
  Time since last request: 3.195799 seconds.
  path: Assets/Prefabs
  artifactKey: Guid(8dd55fac633aa0f4bb760441bcd52b2a) Importer(815301076,1909f56bfc062723c751e8b465ee728b)
Start importing Assets/Prefabs using Guid(8dd55fac633aa0f4bb760441bcd52b2a) Importer(815301076,1909f56bfc062723c751e8b465ee728b)  -> (artifact id: '57f368865fc708101b1368562c37a9b1') in 0.010038 seconds
  Import took 0.012483 seconds .

========================================================================
Received Import Request.
  Time since last request: 0.543078 seconds.
  path: Assets/Scenes/Scena_Główna 1.scenetemplate
  artifactKey: Guid(e7daf44b7e8586444bf0760e5ec94505) Importer(815301076,1909f56bfc062723c751e8b465ee728b)
Start importing Assets/Scenes/Scena_Główna 1.scenetemplate using Guid(e7daf44b7e8586444bf0760e5ec94505) Importer(815301076,1909f56bfc062723c751e8b465ee728b)  -> (artifact id: 'b4e97e301a4091cde34320c448e7ae58') in 0.083893 seconds
  Import took 0.088487 seconds .

========================================================================
Received Import Request.
  Time since last request: 0.000149 seconds.
  path: Assets/Scenes/Scena_Główna.scenetemplate
  artifactKey: Guid(b48df909bc1314845a9ca8fa68039d96) Importer(815301076,1909f56bfc062723c751e8b465ee728b)
Start importing Assets/Scenes/Scena_Główna.scenetemplate using Guid(b48df909bc1314845a9ca8fa68039d96) Importer(815301076,1909f56bfc062723c751e8b465ee728b)  -> (artifact id: 'cc790e9b2185a81c9899c66f45c1c100') in 0.033001 seconds
  Import took 0.036694 seconds .

========================================================================
Received Import Request.
  Time since last request: 0.000184 seconds.
  path: Assets/Scenes/Scena_Główna 2.scenetemplate
  artifactKey: Guid(96d7959426173d04bb2a7d3f0f74d48d) Importer(815301076,1909f56bfc062723c751e8b465ee728b)
Start importing Assets/Scenes/Scena_Główna 2.scenetemplate using Guid(96d7959426173d04bb2a7d3f0f74d48d) Importer(815301076,1909f56bfc062723c751e8b465ee728b)  -> (artifact id: '31571b3058d366fee14b07b57d23a441') in 0.028783 seconds
  Import took 0.032486 seconds .

========================================================================
Received Import Request.
  Time since last request: 4.122526 seconds.
  path: Assets/Scenes/Scena_Główna.unity
  artifactKey: Guid(dfed2d5d46670ba4bb68cb7eb70e4861) Importer(815301076,1909f56bfc062723c751e8b465ee728b)
Start importing Assets/Scenes/Scena_Główna.unity using Guid(dfed2d5d46670ba4bb68cb7eb70e4861) Importer(815301076,1909f56bfc062723c751e8b465ee728b)  -> (artifact id: '6f38a180f51beaa0de5b2c91fd24208a') in 0.008845 seconds
  Import took 0.011734 seconds .

========================================================================
Received Prepare
Registering precompiled user dll's ...
Registered in 0.000644 seconds.
Begin MonoManager ReloadAssembly
Native extension for WindowsStandalone target not found
Refreshing native plugins compatible for Editor in 0.23 ms, found 0 plugins.
Preloading 0 native plugins for Editor in 0.00 ms.
Mono: successfully reloaded assembly
- Completed reload, in  0.841 seconds
Platform modules already initialized, skipping
Refreshing native plugins compatible for Editor in 0.24 ms, found 0 plugins.
Preloading 0 native plugins for Editor in 0.00 ms.
Unloading 1118 Unused Serialized files (Serialized files now loaded: 0)
System memory in use before: 57.3 MB.
System memory in use after: 57.3 MB.

Unloading 4 unused Assets to reduce memory usage. Loaded Objects now: 1571.
Total: 1.419900 ms (FindLiveObjects: 0.121700 ms CreateObjectMapping: 0.036900 ms MarkObjects: 1.248400 ms  DeleteObjects: 0.012000 ms)

AssetImportWorkerClient::OnTransportError - code=2 error=End of file
